生成启动时间为 2022/4/8 20:35:04。
     1>项目“E:\c-code\c-language\动态内存分配\动态内存分配\动态内存分配.vcxproj”在节点 2 上(build 个目标)。
     1>InitializeBuildStatus:
         正在对“Debug\动态内存分配.unsuccessfulbuild”执行 Touch 任务。
       ClCompile:
         f:\c语言\VC\bin\CL.exe /c /ZI /nologo /W3 /WX- /Od /Oy- /D _UNICODE /D UNICODE /Gm /EHsc /RTC1 /MDd /GS /fp:precise /Zc:wchar_t /Zc:forScope /Fo"Debug\\" /Fd"Debug\vc100.pdb" /Gd /TC /analyze- /errorReport:prompt "动态内存分配.c"
         动态内存分配.c
     1>e:\c-code\c-language\动态内存分配\动态内存分配\动态内存分配.c(70): error C2143: 语法错误 : 缺少“;”(在“类型”的前面)
     1>e:\c-code\c-language\动态内存分配\动态内存分配\动态内存分配.c(71): error C2143: 语法错误 : 缺少“;”(在“类型”的前面)
     1>e:\c-code\c-language\动态内存分配\动态内存分配\动态内存分配.c(73): error C2065: “value”: 未声明的标识符
     1>e:\c-code\c-language\动态内存分配\动态内存分配\动态内存分配.c(75): error C2065: “count”: 未声明的标识符
     1>e:\c-code\c-language\动态内存分配\动态内存分配\动态内存分配.c(76): error C2065: “count”: 未声明的标识符
     1>e:\c-code\c-language\动态内存分配\动态内存分配\动态内存分配.c(87): error C2065: “count”: 未声明的标识符
     1>e:\c-code\c-language\动态内存分配\动态内存分配\动态内存分配.c(89): error C2065: “count”: 未声明的标识符
     1>e:\c-code\c-language\动态内存分配\动态内存分配\动态内存分配.c(97): error C2065: “count”: 未声明的标识符
     1>e:\c-code\c-language\动态内存分配\动态内存分配\动态内存分配.c(97): error C2065: “value”: 未声明的标识符
     1>e:\c-code\c-language\动态内存分配\动态内存分配\动态内存分配.c(101): error C2065: “count”: 未声明的标识符
     1>已完成生成项目“E:\c-code\c-language\动态内存分配\动态内存分配\动态内存分配.vcxproj”(build 个目标)的操作 - 失败。

生成失败。

已用时间 00:00:00.37
